[2020-08-24 05:12:12][debug][notice]:[template not exists:/usr/local/nginx/html/hf/seo/App/Views/login.html at file:/usr/local/nginx/html/hf/seo/vendor/topthink/think-template/src/Template.php line:1245 at file:/usr/local/nginx/html/hf/seo/App/Utility/Template.php line:36]
[2020-08-24 05:13:52][debug][notice]:[template not exists:/usr/local/nginx/html/hf/seo/App/Views/login/login.html at file:/usr/local/nginx/html/hf/seo/vendor/topthink/think-template/src/Template.php line:1245 at file:/usr/local/nginx/html/hf/seo/App/Utility/Template.php line:36]
[2020-08-24 05:40:44][debug][notice]:[Undefined variable: default_static_url at file:/usr/local/nginx/html/hf/seo/App/HttpController/Login.php line:15]
[2020-08-24 05:49:01][debug][warning]:[Use of undefined constant __STATIC__ - assumed '__STATIC__' (this will throw an Error in a future version of PHP) at file:/usr/local/nginx/html/hf/seo/Temp/runtime/6b22ca1875b47b78586335c191abe6a6.php line:6]
[2020-08-24 06:52:04][debug][notice]:[template not exists:/usr/local/nginx/html/hf/seo/App/Views/index/index.html at file:/usr/local/nginx/html/hf/seo/vendor/topthink/think-template/src/Template.php line:1245 at file:/usr/local/nginx/html/hf/seo/App/Utility/Template.php line:36]
[2020-08-24 10:21:49][debug][notice]:[Trying to access array offset on value of type int at file:/usr/local/nginx/html/hf/seo/vendor/easyswoole/verifycode/src/VerifyCode.php line:57]
[2020-08-24 10:21:49][debug][notice]:[Trying to access array offset on value of type int at file:/usr/local/nginx/html/hf/seo/vendor/easyswoole/verifycode/src/VerifyCode.php line:57]
[2020-08-24 10:21:49][debug][notice]:[Trying to access array offset on value of type int at file:/usr/local/nginx/html/hf/seo/vendor/easyswoole/verifycode/src/VerifyCode.php line:57]
[2020-08-24 10:21:49][debug][notice]:[Trying to access array offset on value of type int at file:/usr/local/nginx/html/hf/seo/vendor/easyswoole/verifycode/src/VerifyCode.php line:59]
[2020-08-24 10:21:49][debug][notice]:[Trying to access array offset on value of type int at file:/usr/local/nginx/html/hf/seo/vendor/easyswoole/verifycode/src/VerifyCode.php line:59]
[2020-08-24 10:21:49][debug][notice]:[Trying to access array offset on value of type int at file:/usr/local/nginx/html/hf/seo/vendor/easyswoole/verifycode/src/VerifyCode.php line:59]
[2020-08-24 10:22:15][debug][notice]:[Trying to access array offset on value of type int at file:/usr/local/nginx/html/hf/seo/vendor/easyswoole/verifycode/src/VerifyCode.php line:57]
[2020-08-24 10:22:15][debug][notice]:[Trying to access array offset on value of type int at file:/usr/local/nginx/html/hf/seo/vendor/easyswoole/verifycode/src/VerifyCode.php line:57]
[2020-08-24 10:22:15][debug][notice]:[Trying to access array offset on value of type int at file:/usr/local/nginx/html/hf/seo/vendor/easyswoole/verifycode/src/VerifyCode.php line:57]
[2020-08-24 10:22:15][debug][notice]:[Trying to access array offset on value of type int at file:/usr/local/nginx/html/hf/seo/vendor/easyswoole/verifycode/src/VerifyCode.php line:59]
[2020-08-24 10:22:15][debug][notice]:[Trying to access array offset on value of type int at file:/usr/local/nginx/html/hf/seo/vendor/easyswoole/verifycode/src/VerifyCode.php line:59]
[2020-08-24 10:22:15][debug][notice]:[Trying to access array offset on value of type int at file:/usr/local/nginx/html/hf/seo/vendor/easyswoole/verifycode/src/VerifyCode.php line:59]
[2020-08-24 10:24:42][debug][notice]:[Trying to access array offset on value of type int at file:/usr/local/nginx/html/hf/seo/vendor/easyswoole/verifycode/src/VerifyCode.php line:57]
[2020-08-24 10:24:42][debug][notice]:[Trying to access array offset on value of type int at file:/usr/local/nginx/html/hf/seo/vendor/easyswoole/verifycode/src/VerifyCode.php line:57]
[2020-08-24 10:24:42][debug][notice]:[Trying to access array offset on value of type int at file:/usr/local/nginx/html/hf/seo/vendor/easyswoole/verifycode/src/VerifyCode.php line:57]
[2020-08-24 10:24:42][debug][notice]:[Trying to access array offset on value of type int at file:/usr/local/nginx/html/hf/seo/vendor/easyswoole/verifycode/src/VerifyCode.php line:59]
[2020-08-24 10:24:42][debug][notice]:[Trying to access array offset on value of type int at file:/usr/local/nginx/html/hf/seo/vendor/easyswoole/verifycode/src/VerifyCode.php line:59]
[2020-08-24 10:24:42][debug][notice]:[Trying to access array offset on value of type int at file:/usr/local/nginx/html/hf/seo/vendor/easyswoole/verifycode/src/VerifyCode.php line:59]
[2020-08-24 10:25:58][debug][notice]:[Trying to access array offset on value of type int at file:/usr/local/nginx/html/hf/seo/vendor/easyswoole/verifycode/src/VerifyCode.php line:57]
[2020-08-24 10:25:58][debug][notice]:[Trying to access array offset on value of type int at file:/usr/local/nginx/html/hf/seo/vendor/easyswoole/verifycode/src/VerifyCode.php line:57]
[2020-08-24 10:25:58][debug][notice]:[Trying to access array offset on value of type int at file:/usr/local/nginx/html/hf/seo/vendor/easyswoole/verifycode/src/VerifyCode.php line:57]
[2020-08-24 10:25:58][debug][notice]:[Trying to access array offset on value of type int at file:/usr/local/nginx/html/hf/seo/vendor/easyswoole/verifycode/src/VerifyCode.php line:59]
[2020-08-24 10:25:58][debug][notice]:[Trying to access array offset on value of type int at file:/usr/local/nginx/html/hf/seo/vendor/easyswoole/verifycode/src/VerifyCode.php line:59]
[2020-08-24 10:25:58][debug][notice]:[Trying to access array offset on value of type int at file:/usr/local/nginx/html/hf/seo/vendor/easyswoole/verifycode/src/VerifyCode.php line:59]
[2020-08-24 10:26:56][debug][notice]:[Trying to access array offset on value of type int at file:/usr/local/nginx/html/hf/seo/vendor/easyswoole/verifycode/src/VerifyCode.php line:57]
[2020-08-24 10:26:56][debug][notice]:[Trying to access array offset on value of type int at file:/usr/local/nginx/html/hf/seo/vendor/easyswoole/verifycode/src/VerifyCode.php line:57]
[2020-08-24 10:26:56][debug][notice]:[Trying to access array offset on value of type int at file:/usr/local/nginx/html/hf/seo/vendor/easyswoole/verifycode/src/VerifyCode.php line:57]
[2020-08-24 10:26:56][debug][notice]:[Trying to access array offset on value of type int at file:/usr/local/nginx/html/hf/seo/vendor/easyswoole/verifycode/src/VerifyCode.php line:59]
[2020-08-24 10:26:56][debug][notice]:[Trying to access array offset on value of type int at file:/usr/local/nginx/html/hf/seo/vendor/easyswoole/verifycode/src/VerifyCode.php line:59]
[2020-08-24 10:26:56][debug][notice]:[Trying to access array offset on value of type int at file:/usr/local/nginx/html/hf/seo/vendor/easyswoole/verifycode/src/VerifyCode.php line:59]
[2020-08-24 10:27:57][debug][notice]:[Trying to access array offset on value of type int at file:/usr/local/nginx/html/hf/seo/vendor/easyswoole/verifycode/src/VerifyCode.php line:57]
[2020-08-24 10:27:57][debug][notice]:[Trying to access array offset on value of type int at file:/usr/local/nginx/html/hf/seo/vendor/easyswoole/verifycode/src/VerifyCode.php line:57]
[2020-08-24 10:27:57][debug][notice]:[Trying to access array offset on value of type int at file:/usr/local/nginx/html/hf/seo/vendor/easyswoole/verifycode/src/VerifyCode.php line:57]
[2020-08-24 10:27:57][debug][notice]:[Trying to access array offset on value of type int at file:/usr/local/nginx/html/hf/seo/vendor/easyswoole/verifycode/src/VerifyCode.php line:59]
[2020-08-24 10:27:57][debug][notice]:[Trying to access array offset on value of type int at file:/usr/local/nginx/html/hf/seo/vendor/easyswoole/verifycode/src/VerifyCode.php line:59]
[2020-08-24 10:27:57][debug][notice]:[Trying to access array offset on value of type int at file:/usr/local/nginx/html/hf/seo/vendor/easyswoole/verifycode/src/VerifyCode.php line:59]
[2020-08-24 10:27:59][debug][notice]:[Trying to access array offset on value of type int at file:/usr/local/nginx/html/hf/seo/vendor/easyswoole/verifycode/src/VerifyCode.php line:57]
[2020-08-24 10:27:59][debug][notice]:[Trying to access array offset on value of type int at file:/usr/local/nginx/html/hf/seo/vendor/easyswoole/verifycode/src/VerifyCode.php line:57]
[2020-08-24 10:27:59][debug][notice]:[Trying to access array offset on value of type int at file:/usr/local/nginx/html/hf/seo/vendor/easyswoole/verifycode/src/VerifyCode.php line:57]
[2020-08-24 10:27:59][debug][notice]:[Trying to access array offset on value of type int at file:/usr/local/nginx/html/hf/seo/vendor/easyswoole/verifycode/src/VerifyCode.php line:59]
[2020-08-24 10:27:59][debug][notice]:[Trying to access array offset on value of type int at file:/usr/local/nginx/html/hf/seo/vendor/easyswoole/verifycode/src/VerifyCode.php line:59]
[2020-08-24 10:27:59][debug][notice]:[Trying to access array offset on value of type int at file:/usr/local/nginx/html/hf/seo/vendor/easyswoole/verifycode/src/VerifyCode.php line:59]
[2020-08-24 10:28:07][debug][notice]:[Trying to access array offset on value of type int at file:/usr/local/nginx/html/hf/seo/vendor/easyswoole/verifycode/src/VerifyCode.php line:57]
[2020-08-24 10:28:07][debug][notice]:[Trying to access array offset on value of type int at file:/usr/local/nginx/html/hf/seo/vendor/easyswoole/verifycode/src/VerifyCode.php line:57]
[2020-08-24 10:28:07][debug][notice]:[Trying to access array offset on value of type int at file:/usr/local/nginx/html/hf/seo/vendor/easyswoole/verifycode/src/VerifyCode.php line:57]
[2020-08-24 10:28:07][debug][notice]:[Trying to access array offset on value of type int at file:/usr/local/nginx/html/hf/seo/vendor/easyswoole/verifycode/src/VerifyCode.php line:59]
[2020-08-24 10:28:07][debug][notice]:[Trying to access array offset on value of type int at file:/usr/local/nginx/html/hf/seo/vendor/easyswoole/verifycode/src/VerifyCode.php line:59]
[2020-08-24 10:28:07][debug][notice]:[Trying to access array offset on value of type int at file:/usr/local/nginx/html/hf/seo/vendor/easyswoole/verifycode/src/VerifyCode.php line:59]
[2020-08-24 10:28:29][debug][notice]:[Trying to access array offset on value of type int at file:/usr/local/nginx/html/hf/seo/vendor/easyswoole/verifycode/src/VerifyCode.php line:57]
[2020-08-24 10:28:29][debug][notice]:[Trying to access array offset on value of type int at file:/usr/local/nginx/html/hf/seo/vendor/easyswoole/verifycode/src/VerifyCode.php line:57]
[2020-08-24 10:28:29][debug][notice]:[Trying to access array offset on value of type int at file:/usr/local/nginx/html/hf/seo/vendor/easyswoole/verifycode/src/VerifyCode.php line:57]
[2020-08-24 10:28:29][debug][notice]:[Trying to access array offset on value of type int at file:/usr/local/nginx/html/hf/seo/vendor/easyswoole/verifycode/src/VerifyCode.php line:59]
[2020-08-24 10:28:29][debug][notice]:[Trying to access array offset on value of type int at file:/usr/local/nginx/html/hf/seo/vendor/easyswoole/verifycode/src/VerifyCode.php line:59]
[2020-08-24 10:28:29][debug][notice]:[Trying to access array offset on value of type int at file:/usr/local/nginx/html/hf/seo/vendor/easyswoole/verifycode/src/VerifyCode.php line:59]
[2020-08-24 10:28:40][debug][notice]:[Trying to access array offset on value of type int at file:/usr/local/nginx/html/hf/seo/vendor/easyswoole/verifycode/src/VerifyCode.php line:57]
[2020-08-24 10:28:40][debug][notice]:[Trying to access array offset on value of type int at file:/usr/local/nginx/html/hf/seo/vendor/easyswoole/verifycode/src/VerifyCode.php line:57]
[2020-08-24 10:28:40][debug][notice]:[Trying to access array offset on value of type int at file:/usr/local/nginx/html/hf/seo/vendor/easyswoole/verifycode/src/VerifyCode.php line:57]
[2020-08-24 10:28:40][debug][notice]:[Trying to access array offset on value of type int at file:/usr/local/nginx/html/hf/seo/vendor/easyswoole/verifycode/src/VerifyCode.php line:59]
[2020-08-24 10:28:40][debug][notice]:[Trying to access array offset on value of type int at file:/usr/local/nginx/html/hf/seo/vendor/easyswoole/verifycode/src/VerifyCode.php line:59]
[2020-08-24 10:28:40][debug][notice]:[Trying to access array offset on value of type int at file:/usr/local/nginx/html/hf/seo/vendor/easyswoole/verifycode/src/VerifyCode.php line:59]
[2020-08-24 10:28:58][debug][notice]:[Trying to access array offset on value of type int at file:/usr/local/nginx/html/hf/seo/vendor/easyswoole/verifycode/src/VerifyCode.php line:57]
[2020-08-24 10:28:58][debug][notice]:[Trying to access array offset on value of type int at file:/usr/local/nginx/html/hf/seo/vendor/easyswoole/verifycode/src/VerifyCode.php line:57]
[2020-08-24 10:28:58][debug][notice]:[Trying to access array offset on value of type int at file:/usr/local/nginx/html/hf/seo/vendor/easyswoole/verifycode/src/VerifyCode.php line:57]
[2020-08-24 10:28:58][debug][notice]:[Trying to access array offset on value of type int at file:/usr/local/nginx/html/hf/seo/vendor/easyswoole/verifycode/src/VerifyCode.php line:59]
[2020-08-24 10:28:58][debug][notice]:[Trying to access array offset on value of type int at file:/usr/local/nginx/html/hf/seo/vendor/easyswoole/verifycode/src/VerifyCode.php line:59]
[2020-08-24 10:28:58][debug][notice]:[Trying to access array offset on value of type int at file:/usr/local/nginx/html/hf/seo/vendor/easyswoole/verifycode/src/VerifyCode.php line:59]
[2020-08-24 10:30:39][debug][notice]:[Trying to access array offset on value of type int at file:/usr/local/nginx/html/hf/seo/vendor/easyswoole/verifycode/src/VerifyCode.php line:57]
[2020-08-24 10:30:39][debug][notice]:[Trying to access array offset on value of type int at file:/usr/local/nginx/html/hf/seo/vendor/easyswoole/verifycode/src/VerifyCode.php line:57]
[2020-08-24 10:30:39][debug][notice]:[Trying to access array offset on value of type int at file:/usr/local/nginx/html/hf/seo/vendor/easyswoole/verifycode/src/VerifyCode.php line:57]
[2020-08-24 10:30:39][debug][notice]:[Trying to access array offset on value of type int at file:/usr/local/nginx/html/hf/seo/vendor/easyswoole/verifycode/src/VerifyCode.php line:59]
[2020-08-24 10:30:39][debug][notice]:[Trying to access array offset on value of type int at file:/usr/local/nginx/html/hf/seo/vendor/easyswoole/verifycode/src/VerifyCode.php line:59]
[2020-08-24 10:30:39][debug][notice]:[Trying to access array offset on value of type int at file:/usr/local/nginx/html/hf/seo/vendor/easyswoole/verifycode/src/VerifyCode.php line:59]
[2020-08-24 10:30:42][debug][notice]:[Trying to access array offset on value of type int at file:/usr/local/nginx/html/hf/seo/vendor/easyswoole/verifycode/src/VerifyCode.php line:57]
[2020-08-24 10:30:42][debug][notice]:[Trying to access array offset on value of type int at file:/usr/local/nginx/html/hf/seo/vendor/easyswoole/verifycode/src/VerifyCode.php line:57]
[2020-08-24 10:30:42][debug][notice]:[Trying to access array offset on value of type int at file:/usr/local/nginx/html/hf/seo/vendor/easyswoole/verifycode/src/VerifyCode.php line:57]
[2020-08-24 10:30:42][debug][notice]:[Trying to access array offset on value of type int at file:/usr/local/nginx/html/hf/seo/vendor/easyswoole/verifycode/src/VerifyCode.php line:59]
[2020-08-24 10:30:42][debug][notice]:[Trying to access array offset on value of type int at file:/usr/local/nginx/html/hf/seo/vendor/easyswoole/verifycode/src/VerifyCode.php line:59]
[2020-08-24 10:30:42][debug][notice]:[Trying to access array offset on value of type int at file:/usr/local/nginx/html/hf/seo/vendor/easyswoole/verifycode/src/VerifyCode.php line:59]
[2020-08-24 10:30:50][debug][notice]:[Trying to access array offset on value of type int at file:/usr/local/nginx/html/hf/seo/vendor/easyswoole/verifycode/src/VerifyCode.php line:57]
[2020-08-24 10:30:50][debug][notice]:[Trying to access array offset on value of type int at file:/usr/local/nginx/html/hf/seo/vendor/easyswoole/verifycode/src/VerifyCode.php line:57]
[2020-08-24 10:30:50][debug][notice]:[Trying to access array offset on value of type int at file:/usr/local/nginx/html/hf/seo/vendor/easyswoole/verifycode/src/VerifyCode.php line:57]
[2020-08-24 10:30:50][debug][notice]:[Trying to access array offset on value of type int at file:/usr/local/nginx/html/hf/seo/vendor/easyswoole/verifycode/src/VerifyCode.php line:59]
[2020-08-24 10:30:50][debug][notice]:[Trying to access array offset on value of type int at file:/usr/local/nginx/html/hf/seo/vendor/easyswoole/verifycode/src/VerifyCode.php line:59]
[2020-08-24 10:30:50][debug][notice]:[Trying to access array offset on value of type int at file:/usr/local/nginx/html/hf/seo/vendor/easyswoole/verifycode/src/VerifyCode.php line:59]
[2020-08-24 10:33:50][debug][notice]:[Trying to access array offset on value of type int at file:/usr/local/nginx/html/hf/seo/vendor/easyswoole/verifycode/src/VerifyCode.php line:57]
[2020-08-24 10:33:50][debug][notice]:[Trying to access array offset on value of type int at file:/usr/local/nginx/html/hf/seo/vendor/easyswoole/verifycode/src/VerifyCode.php line:57]
[2020-08-24 10:33:50][debug][notice]:[Trying to access array offset on value of type int at file:/usr/local/nginx/html/hf/seo/vendor/easyswoole/verifycode/src/VerifyCode.php line:57]
[2020-08-24 10:33:50][debug][notice]:[Trying to access array offset on value of type int at file:/usr/local/nginx/html/hf/seo/vendor/easyswoole/verifycode/src/VerifyCode.php line:59]
[2020-08-24 10:33:50][debug][notice]:[Trying to access array offset on value of type int at file:/usr/local/nginx/html/hf/seo/vendor/easyswoole/verifycode/src/VerifyCode.php line:59]
[2020-08-24 10:33:50][debug][notice]:[Trying to access array offset on value of type int at file:/usr/local/nginx/html/hf/seo/vendor/easyswoole/verifycode/src/VerifyCode.php line:59]
[2020-08-24 10:36:27][debug][notice]:[Trying to access array offset on value of type int at file:/usr/local/nginx/html/hf/seo/vendor/easyswoole/verifycode/src/VerifyCode.php line:57]
[2020-08-24 10:36:27][debug][notice]:[Trying to access array offset on value of type int at file:/usr/local/nginx/html/hf/seo/vendor/easyswoole/verifycode/src/VerifyCode.php line:57]
[2020-08-24 10:36:27][debug][notice]:[Trying to access array offset on value of type int at file:/usr/local/nginx/html/hf/seo/vendor/easyswoole/verifycode/src/VerifyCode.php line:57]
[2020-08-24 10:36:27][debug][notice]:[Trying to access array offset on value of type int at file:/usr/local/nginx/html/hf/seo/vendor/easyswoole/verifycode/src/VerifyCode.php line:59]
[2020-08-24 10:36:27][debug][notice]:[Trying to access array offset on value of type int at file:/usr/local/nginx/html/hf/seo/vendor/easyswoole/verifycode/src/VerifyCode.php line:59]
[2020-08-24 10:36:27][debug][notice]:[Trying to access array offset on value of type int at file:/usr/local/nginx/html/hf/seo/vendor/easyswoole/verifycode/src/VerifyCode.php line:59]
[2020-08-24 10:36:50][debug][notice]:[Trying to access array offset on value of type int at file:/usr/local/nginx/html/hf/seo/vendor/easyswoole/verifycode/src/VerifyCode.php line:57]
[2020-08-24 10:36:50][debug][notice]:[Trying to access array offset on value of type int at file:/usr/local/nginx/html/hf/seo/vendor/easyswoole/verifycode/src/VerifyCode.php line:57]
[2020-08-24 10:36:50][debug][notice]:[Trying to access array offset on value of type int at file:/usr/local/nginx/html/hf/seo/vendor/easyswoole/verifycode/src/VerifyCode.php line:57]
[2020-08-24 10:36:50][debug][notice]:[Trying to access array offset on value of type int at file:/usr/local/nginx/html/hf/seo/vendor/easyswoole/verifycode/src/VerifyCode.php line:59]
[2020-08-24 10:36:50][debug][notice]:[Trying to access array offset on value of type int at file:/usr/local/nginx/html/hf/seo/vendor/easyswoole/verifycode/src/VerifyCode.php line:59]
[2020-08-24 10:36:50][debug][notice]:[Trying to access array offset on value of type int at file:/usr/local/nginx/html/hf/seo/vendor/easyswoole/verifycode/src/VerifyCode.php line:59]
[2020-08-24 13:30:57][debug][error]:[Call to undefined function GuzzleHttp\json_decode() at file:/usr/local/nginx/html/hf/seo/App/HttpController/Login.php line:30]
[2020-08-24 13:34:59][debug][notice]:[Trying to access array offset on value of type int at file:/usr/local/nginx/html/hf/seo/vendor/easyswoole/verifycode/src/VerifyCode.php line:57]
[2020-08-24 13:34:59][debug][notice]:[Trying to access array offset on value of type int at file:/usr/local/nginx/html/hf/seo/vendor/easyswoole/verifycode/src/VerifyCode.php line:57]
[2020-08-24 13:34:59][debug][notice]:[Trying to access array offset on value of type int at file:/usr/local/nginx/html/hf/seo/vendor/easyswoole/verifycode/src/VerifyCode.php line:57]
[2020-08-24 13:34:59][debug][notice]:[Trying to access array offset on value of type int at file:/usr/local/nginx/html/hf/seo/vendor/easyswoole/verifycode/src/VerifyCode.php line:59]
[2020-08-24 13:34:59][debug][notice]:[Trying to access array offset on value of type int at file:/usr/local/nginx/html/hf/seo/vendor/easyswoole/verifycode/src/VerifyCode.php line:59]
[2020-08-24 13:34:59][debug][notice]:[Trying to access array offset on value of type int at file:/usr/local/nginx/html/hf/seo/vendor/easyswoole/verifycode/src/VerifyCode.php line:59]
[2020-08-24 13:35:43][debug][notice]:[Trying to access array offset on value of type int at file:/usr/local/nginx/html/hf/seo/vendor/easyswoole/verifycode/src/VerifyCode.php line:57]
[2020-08-24 13:35:43][debug][notice]:[Trying to access array offset on value of type int at file:/usr/local/nginx/html/hf/seo/vendor/easyswoole/verifycode/src/VerifyCode.php line:57]
[2020-08-24 13:35:43][debug][notice]:[Trying to access array offset on value of type int at file:/usr/local/nginx/html/hf/seo/vendor/easyswoole/verifycode/src/VerifyCode.php line:57]
[2020-08-24 13:35:43][debug][notice]:[Trying to access array offset on value of type int at file:/usr/local/nginx/html/hf/seo/vendor/easyswoole/verifycode/src/VerifyCode.php line:59]
[2020-08-24 13:35:43][debug][notice]:[Trying to access array offset on value of type int at file:/usr/local/nginx/html/hf/seo/vendor/easyswoole/verifycode/src/VerifyCode.php line:59]
[2020-08-24 13:35:43][debug][notice]:[Trying to access array offset on value of type int at file:/usr/local/nginx/html/hf/seo/vendor/easyswoole/verifycode/src/VerifyCode.php line:59]
[2020-08-24 13:35:44][debug][notice]:[Trying to access array offset on value of type int at file:/usr/local/nginx/html/hf/seo/vendor/easyswoole/verifycode/src/VerifyCode.php line:57]
[2020-08-24 13:35:44][debug][notice]:[Trying to access array offset on value of type int at file:/usr/local/nginx/html/hf/seo/vendor/easyswoole/verifycode/src/VerifyCode.php line:57]
[2020-08-24 13:35:44][debug][notice]:[Trying to access array offset on value of type int at file:/usr/local/nginx/html/hf/seo/vendor/easyswoole/verifycode/src/VerifyCode.php line:57]
[2020-08-24 13:35:44][debug][notice]:[Trying to access array offset on value of type int at file:/usr/local/nginx/html/hf/seo/vendor/easyswoole/verifycode/src/VerifyCode.php line:59]
[2020-08-24 13:35:44][debug][notice]:[Trying to access array offset on value of type int at file:/usr/local/nginx/html/hf/seo/vendor/easyswoole/verifycode/src/VerifyCode.php line:59]
[2020-08-24 13:35:44][debug][notice]:[Trying to access array offset on value of type int at file:/usr/local/nginx/html/hf/seo/vendor/easyswoole/verifycode/src/VerifyCode.php line:59]
[2020-08-24 13:35:44][debug][notice]:[Trying to access array offset on value of type int at file:/usr/local/nginx/html/hf/seo/vendor/easyswoole/verifycode/src/VerifyCode.php line:57]
[2020-08-24 13:35:44][debug][notice]:[Trying to access array offset on value of type int at file:/usr/local/nginx/html/hf/seo/vendor/easyswoole/verifycode/src/VerifyCode.php line:57]
[2020-08-24 13:35:44][debug][notice]:[Trying to access array offset on value of type int at file:/usr/local/nginx/html/hf/seo/vendor/easyswoole/verifycode/src/VerifyCode.php line:57]
[2020-08-24 13:35:44][debug][notice]:[Trying to access array offset on value of type int at file:/usr/local/nginx/html/hf/seo/vendor/easyswoole/verifycode/src/VerifyCode.php line:59]
[2020-08-24 13:35:44][debug][notice]:[Trying to access array offset on value of type int at file:/usr/local/nginx/html/hf/seo/vendor/easyswoole/verifycode/src/VerifyCode.php line:59]
[2020-08-24 13:35:44][debug][notice]:[Trying to access array offset on value of type int at file:/usr/local/nginx/html/hf/seo/vendor/easyswoole/verifycode/src/VerifyCode.php line:59]
[2020-08-24 13:35:44][debug][notice]:[Trying to access array offset on value of type int at file:/usr/local/nginx/html/hf/seo/vendor/easyswoole/verifycode/src/VerifyCode.php line:57]
[2020-08-24 13:35:44][debug][notice]:[Trying to access array offset on value of type int at file:/usr/local/nginx/html/hf/seo/vendor/easyswoole/verifycode/src/VerifyCode.php line:57]
[2020-08-24 13:35:44][debug][notice]:[Trying to access array offset on value of type int at file:/usr/local/nginx/html/hf/seo/vendor/easyswoole/verifycode/src/VerifyCode.php line:57]
[2020-08-24 13:35:44][debug][notice]:[Trying to access array offset on value of type int at file:/usr/local/nginx/html/hf/seo/vendor/easyswoole/verifycode/src/VerifyCode.php line:59]
[2020-08-24 13:35:44][debug][notice]:[Trying to access array offset on value of type int at file:/usr/local/nginx/html/hf/seo/vendor/easyswoole/verifycode/src/VerifyCode.php line:59]
[2020-08-24 13:35:44][debug][notice]:[Trying to access array offset on value of type int at file:/usr/local/nginx/html/hf/seo/vendor/easyswoole/verifycode/src/VerifyCode.php line:59]
[2020-08-24 13:35:44][debug][notice]:[Trying to access array offset on value of type int at file:/usr/local/nginx/html/hf/seo/vendor/easyswoole/verifycode/src/VerifyCode.php line:57]
[2020-08-24 13:35:44][debug][notice]:[Trying to access array offset on value of type int at file:/usr/local/nginx/html/hf/seo/vendor/easyswoole/verifycode/src/VerifyCode.php line:57]
[2020-08-24 13:35:44][debug][notice]:[Trying to access array offset on value of type int at file:/usr/local/nginx/html/hf/seo/vendor/easyswoole/verifycode/src/VerifyCode.php line:57]
[2020-08-24 13:35:44][debug][notice]:[Trying to access array offset on value of type int at file:/usr/local/nginx/html/hf/seo/vendor/easyswoole/verifycode/src/VerifyCode.php line:59]
[2020-08-24 13:35:44][debug][notice]:[Trying to access array offset on value of type int at file:/usr/local/nginx/html/hf/seo/vendor/easyswoole/verifycode/src/VerifyCode.php line:59]
[2020-08-24 13:35:44][debug][notice]:[Trying to access array offset on value of type int at file:/usr/local/nginx/html/hf/seo/vendor/easyswoole/verifycode/src/VerifyCode.php line:59]
[2020-08-24 13:35:46][debug][notice]:[Trying to access array offset on value of type int at file:/usr/local/nginx/html/hf/seo/vendor/easyswoole/verifycode/src/VerifyCode.php line:57]
[2020-08-24 13:35:46][debug][notice]:[Trying to access array offset on value of type int at file:/usr/local/nginx/html/hf/seo/vendor/easyswoole/verifycode/src/VerifyCode.php line:57]
[2020-08-24 13:35:46][debug][notice]:[Trying to access array offset on value of type int at file:/usr/local/nginx/html/hf/seo/vendor/easyswoole/verifycode/src/VerifyCode.php line:57]
[2020-08-24 13:35:46][debug][notice]:[Trying to access array offset on value of type int at file:/usr/local/nginx/html/hf/seo/vendor/easyswoole/verifycode/src/VerifyCode.php line:59]
[2020-08-24 13:35:46][debug][notice]:[Trying to access array offset on value of type int at file:/usr/local/nginx/html/hf/seo/vendor/easyswoole/verifycode/src/VerifyCode.php line:59]
[2020-08-24 13:35:46][debug][notice]:[Trying to access array offset on value of type int at file:/usr/local/nginx/html/hf/seo/vendor/easyswoole/verifycode/src/VerifyCode.php line:59]
[2020-08-24 13:35:46][debug][notice]:[Trying to access array offset on value of type int at file:/usr/local/nginx/html/hf/seo/vendor/easyswoole/verifycode/src/VerifyCode.php line:57]
[2020-08-24 13:35:46][debug][notice]:[Trying to access array offset on value of type int at file:/usr/local/nginx/html/hf/seo/vendor/easyswoole/verifycode/src/VerifyCode.php line:57]
[2020-08-24 13:35:46][debug][notice]:[Trying to access array offset on value of type int at file:/usr/local/nginx/html/hf/seo/vendor/easyswoole/verifycode/src/VerifyCode.php line:57]
[2020-08-24 13:35:46][debug][notice]:[Trying to access array offset on value of type int at file:/usr/local/nginx/html/hf/seo/vendor/easyswoole/verifycode/src/VerifyCode.php line:59]
[2020-08-24 13:35:46][debug][notice]:[Trying to access array offset on value of type int at file:/usr/local/nginx/html/hf/seo/vendor/easyswoole/verifycode/src/VerifyCode.php line:59]
[2020-08-24 13:35:46][debug][notice]:[Trying to access array offset on value of type int at file:/usr/local/nginx/html/hf/seo/vendor/easyswoole/verifycode/src/VerifyCode.php line:59]
[2020-08-24 13:38:01][debug][notice]:[Trying to access array offset on value of type int at file:/usr/local/nginx/html/hf/seo/vendor/easyswoole/verifycode/src/VerifyCode.php line:57]
[2020-08-24 13:38:01][debug][notice]:[Trying to access array offset on value of type int at file:/usr/local/nginx/html/hf/seo/vendor/easyswoole/verifycode/src/VerifyCode.php line:57]
[2020-08-24 13:38:01][debug][notice]:[Trying to access array offset on value of type int at file:/usr/local/nginx/html/hf/seo/vendor/easyswoole/verifycode/src/VerifyCode.php line:57]
[2020-08-24 13:38:01][debug][notice]:[Trying to access array offset on value of type int at file:/usr/local/nginx/html/hf/seo/vendor/easyswoole/verifycode/src/VerifyCode.php line:59]
[2020-08-24 13:38:01][debug][notice]:[Trying to access array offset on value of type int at file:/usr/local/nginx/html/hf/seo/vendor/easyswoole/verifycode/src/VerifyCode.php line:59]
[2020-08-24 13:38:01][debug][notice]:[Trying to access array offset on value of type int at file:/usr/local/nginx/html/hf/seo/vendor/easyswoole/verifycode/src/VerifyCode.php line:59]
[2020-08-24 13:38:25][debug][notice]:[Trying to access array offset on value of type int at file:/usr/local/nginx/html/hf/seo/vendor/easyswoole/verifycode/src/VerifyCode.php line:57]
[2020-08-24 13:38:25][debug][notice]:[Trying to access array offset on value of type int at file:/usr/local/nginx/html/hf/seo/vendor/easyswoole/verifycode/src/VerifyCode.php line:57]
[2020-08-24 13:38:25][debug][notice]:[Trying to access array offset on value of type int at file:/usr/local/nginx/html/hf/seo/vendor/easyswoole/verifycode/src/VerifyCode.php line:57]
[2020-08-24 13:38:25][debug][notice]:[Trying to access array offset on value of type int at file:/usr/local/nginx/html/hf/seo/vendor/easyswoole/verifycode/src/VerifyCode.php line:59]
[2020-08-24 13:38:25][debug][notice]:[Trying to access array offset on value of type int at file:/usr/local/nginx/html/hf/seo/vendor/easyswoole/verifycode/src/VerifyCode.php line:59]
[2020-08-24 13:38:25][debug][notice]:[Trying to access array offset on value of type int at file:/usr/local/nginx/html/hf/seo/vendor/easyswoole/verifycode/src/VerifyCode.php line:59]
[2020-08-24 13:38:30][debug][notice]:[Trying to access array offset on value of type int at file:/usr/local/nginx/html/hf/seo/vendor/easyswoole/verifycode/src/VerifyCode.php line:57]
[2020-08-24 13:38:30][debug][notice]:[Trying to access array offset on value of type int at file:/usr/local/nginx/html/hf/seo/vendor/easyswoole/verifycode/src/VerifyCode.php line:57]
[2020-08-24 13:38:30][debug][notice]:[Trying to access array offset on value of type int at file:/usr/local/nginx/html/hf/seo/vendor/easyswoole/verifycode/src/VerifyCode.php line:57]
[2020-08-24 13:38:30][debug][notice]:[Trying to access array offset on value of type int at file:/usr/local/nginx/html/hf/seo/vendor/easyswoole/verifycode/src/VerifyCode.php line:59]
[2020-08-24 13:38:30][debug][notice]:[Trying to access array offset on value of type int at file:/usr/local/nginx/html/hf/seo/vendor/easyswoole/verifycode/src/VerifyCode.php line:59]
[2020-08-24 13:38:30][debug][notice]:[Trying to access array offset on value of type int at file:/usr/local/nginx/html/hf/seo/vendor/easyswoole/verifycode/src/VerifyCode.php line:59]
[2020-08-24 14:07:52][debug][error]:[Class 'EasySwoole\Validate\Validate' not found at file:/usr/local/nginx/html/hf/seo/App/HttpController/Login.php line:33]
[2020-08-24 15:16:01][debug][notice]:[Undefined variable: code_contents at file:/usr/local/nginx/html/hf/seo/App/HttpController/Login.php line:30]
[2020-08-24 15:16:01][debug][notice]:[Undefined variable: code_contents at file:/usr/local/nginx/html/hf/seo/App/HttpController/Login.php line:31]
